0 info it worked if it ends with ok
1 verbose cli [ '/Users/trusu/n/bin/node',
1 verbose cli   '/Users/trusu/n/bin/npm',
1 verbose cli   'install',
1 verbose cli   'souffleur' ]
2 info using npm@3.10.3
3 info using node@v6.6.0
4 silly loadCurrentTree Starting
5 silly install loadCurrentTree
6 silly install readLocalPackageData
7 silly fetchPackageMetaData souffleur
8 silly fetchNamedPackageData souffleur
9 silly mapToRegistry name souffleur
10 silly mapToRegistry using default registry
11 silly mapToRegistry registry https://registry.npmjs.org/
12 silly mapToRegistry data Result {
12 silly mapToRegistry   raw: 'souffleur',
12 silly mapToRegistry   scope: null,
12 silly mapToRegistry   escapedName: 'souffleur',
12 silly mapToRegistry   name: 'souffleur',
12 silly mapToRegistry   rawSpec: '',
12 silly mapToRegistry   spec: 'latest',
12 silly mapToRegistry   type: 'tag' }
13 silly mapToRegistry uri https://registry.npmjs.org/souffleur
14 verbose request uri https://registry.npmjs.org/souffleur
15 verbose request no auth needed
16 info attempt registry request try #1 at 7:10:08 PM
17 verbose request id f9ef1f2f8873a1c6
18 verbose etag W/"577564d2-2037"
19 verbose lastModified Thu, 30 Jun 2016 18:28:34 GMT
20 http request GET https://registry.npmjs.org/souffleur
21 http 304 https://registry.npmjs.org/souffleur
22 verbose headers { date: 'Mon, 12 Dec 2016 11:10:08 GMT',
22 verbose headers   via: '1.1 varnish',
22 verbose headers   'cache-control': 'max-age=300',
22 verbose headers   etag: 'W/"577564d2-2037"',
22 verbose headers   age: '0',
22 verbose headers   connection: 'keep-alive',
22 verbose headers   'x-served-by': 'cache-hkg6820-HKG',
22 verbose headers   'x-cache': 'HIT',
22 verbose headers   'x-cache-hits': '1',
22 verbose headers   'x-timer': 'S1481541008.960180,VS0,VE749',
22 verbose headers   vary: 'Accept-Encoding' }
23 silly get cb [ 304,
23 silly get   { date: 'Mon, 12 Dec 2016 11:10:08 GMT',
23 silly get     via: '1.1 varnish',
23 silly get     'cache-control': 'max-age=300',
23 silly get     etag: 'W/"577564d2-2037"',
23 silly get     age: '0',
23 silly get     connection: 'keep-alive',
23 silly get     'x-served-by': 'cache-hkg6820-HKG',
23 silly get     'x-cache': 'HIT',
23 silly get     'x-cache-hits': '1',
23 silly get     'x-timer': 'S1481541008.960180,VS0,VE749',
23 silly get     vary: 'Accept-Encoding' } ]
24 verbose etag https://registry.npmjs.org/souffleur from cache
25 verbose get saving souffleur to /Users/trusu/.npm/registry.npmjs.org/souffleur/.cache.json
26 verbose correctMkdir /Users/trusu/.npm correctMkdir not in flight; initializing
27 silly install normalizeTree
28 silly loadCurrentTree Finishing
29 silly loadIdealTree Starting
30 silly install loadIdealTree
31 silly cloneCurrentTree Starting
32 silly install cloneCurrentTreeToIdealTree
33 silly cloneCurrentTree Finishing
34 silly loadShrinkwrap Starting
35 silly install loadShrinkwrap
36 silly loadShrinkwrap Finishing
37 silly loadAllDepsIntoIdealTree Starting
38 silly install loadAllDepsIntoIdealTree
39 silly resolveWithNewModule souffleur@2.0.1 checking installable status
40 silly cache add args [ 'souffleur', null ]
41 verbose cache add spec souffleur
42 silly cache add parsed spec Result {
42 silly cache add   raw: 'souffleur',
42 silly cache add   scope: null,
42 silly cache add   escapedName: 'souffleur',
42 silly cache add   name: 'souffleur',
42 silly cache add   rawSpec: '',
42 silly cache add   spec: 'latest',
42 silly cache add   type: 'tag' }
43 silly addNamed souffleur@latest
44 verbose addNamed "latest" is being treated as a dist-tag for souffleur
45 info addNameTag [ 'souffleur', 'latest' ]
46 silly mapToRegistry name souffleur
47 silly mapToRegistry using default registry
48 silly mapToRegistry registry https://registry.npmjs.org/
49 silly mapToRegistry data Result {
49 silly mapToRegistry   raw: 'souffleur',
49 silly mapToRegistry   scope: null,
49 silly mapToRegistry   escapedName: 'souffleur',
49 silly mapToRegistry   name: 'souffleur',
49 silly mapToRegistry   rawSpec: '',
49 silly mapToRegistry   spec: 'latest',
49 silly mapToRegistry   type: 'tag' }
50 silly mapToRegistry uri https://registry.npmjs.org/souffleur
51 verbose addNameTag registry:https://registry.npmjs.org/souffleur not in flight; fetching
52 verbose get https://registry.npmjs.org/souffleur not expired, no request
53 silly addNameTag next cb for souffleur with tag latest
54 silly addNamed souffleur@2.0.1
55 verbose addNamed "2.0.1" is a plain semver version for souffleur
56 silly mapToRegistry name souffleur
57 silly mapToRegistry using default registry
58 silly mapToRegistry registry https://registry.npmjs.org/
59 silly mapToRegistry data Result {
59 silly mapToRegistry   raw: 'souffleur',
59 silly mapToRegistry   scope: null,
59 silly mapToRegistry   escapedName: 'souffleur',
59 silly mapToRegistry   name: 'souffleur',
59 silly mapToRegistry   rawSpec: '',
59 silly mapToRegistry   spec: 'latest',
59 silly mapToRegistry   type: 'tag' }
60 silly mapToRegistry uri https://registry.npmjs.org/souffleur
61 verbose addRemoteTarball https://registry.npmjs.org/souffleur/-/souffleur-2.0.1.tgz not in flight; adding
62 verbose addRemoteTarball [ 'https://registry.npmjs.org/souffleur/-/souffleur-2.0.1.tgz',
62 verbose addRemoteTarball   '3ee42f01b471bb76bb95911b7ed3720566b8d7a2' ]
63 info retry fetch attempt 1 at 7:10:09 PM
64 info attempt registry request try #1 at 7:10:09 PM
65 http fetch GET https://registry.npmjs.org/souffleur/-/souffleur-2.0.1.tgz
66 http fetch 200 https://registry.npmjs.org/souffleur/-/souffleur-2.0.1.tgz
67 silly fetchAndShaCheck shasum 3ee42f01b471bb76bb95911b7ed3720566b8d7a2
68 verbose addTmpTarball /var/folders/q5/2zl7qls10tv4rblkjnwkpzv40000gn/T/npm-53710-960ba760/registry.npmjs.org/souffleur/-/souffleur-2.0.1.tgz not in flight; adding
69 verbose addTmpTarball already have metadata; skipping unpack for souffleur@2.0.1
70 verbose correctMkdir /Users/trusu/.npm correctMkdir not in flight; initializing
71 silly cache afterAdd souffleur@2.0.1
72 verbose afterAdd /Users/trusu/.npm/souffleur/2.0.1/package/package.json not in flight; writing
73 verbose correctMkdir /Users/trusu/.npm correctMkdir not in flight; initializing
74 verbose afterAdd /Users/trusu/.npm/souffleur/2.0.1/package/package.json written
75 silly fetchNamedPackageData souffleur
76 silly mapToRegistry name souffleur
77 silly mapToRegistry using default registry
78 silly mapToRegistry registry https://registry.npmjs.org/
79 silly mapToRegistry data Result {
79 silly mapToRegistry   raw: 'souffleur',
79 silly mapToRegistry   scope: null,
79 silly mapToRegistry   escapedName: 'souffleur',
79 silly mapToRegistry   name: 'souffleur',
79 silly mapToRegistry   rawSpec: '',
79 silly mapToRegistry   spec: 'latest',
79 silly mapToRegistry   type: 'tag' }
80 silly mapToRegistry uri https://registry.npmjs.org/souffleur
81 silly resolveWithNewModule souffleur@1.0.0 checking installable status
82 silly cache add args [ 'souffleur@^1.0.0', null ]
83 verbose cache add spec souffleur@^1.0.0
84 silly cache add parsed spec Result {
84 silly cache add   raw: 'souffleur@^1.0.0',
84 silly cache add   scope: null,
84 silly cache add   escapedName: 'souffleur',
84 silly cache add   name: 'souffleur',
84 silly cache add   rawSpec: '^1.0.0',
84 silly cache add   spec: '>=1.0.0 <2.0.0',
84 silly cache add   type: 'range' }
85 silly addNamed souffleur@>=1.0.0 <2.0.0
86 verbose addNamed ">=1.0.0 <2.0.0" is a valid semver range for souffleur
87 silly addNameRange { name: 'souffleur', range: '>=1.0.0 <2.0.0', hasData: false }
88 silly mapToRegistry name souffleur
89 silly mapToRegistry using default registry
90 silly mapToRegistry registry https://registry.npmjs.org/
91 silly mapToRegistry data Result {
91 silly mapToRegistry   raw: 'souffleur',
91 silly mapToRegistry   scope: null,
91 silly mapToRegistry   escapedName: 'souffleur',
91 silly mapToRegistry   name: 'souffleur',
91 silly mapToRegistry   rawSpec: '',
91 silly mapToRegistry   spec: 'latest',
91 silly mapToRegistry   type: 'tag' }
92 silly mapToRegistry uri https://registry.npmjs.org/souffleur
93 verbose addNameRange registry:https://registry.npmjs.org/souffleur not in flight; fetching
94 verbose get https://registry.npmjs.org/souffleur not expired, no request
95 silly addNameRange number 2 { name: 'souffleur', range: '>=1.0.0 <2.0.0', hasData: true }
96 silly addNameRange versions [ 'souffleur', [ '1.0.0', '2.0.0', '2.0.1' ] ]
97 silly addNamed souffleur@1.0.0
98 verbose addNamed "1.0.0" is a plain semver version for souffleur
99 silly cache afterAdd souffleur@1.0.0
100 verbose afterAdd /Users/trusu/.npm/souffleur/1.0.0/package/package.json not in flight; writing
101 verbose correctMkdir /Users/trusu/.npm correctMkdir not in flight; initializing
102 verbose afterAdd /Users/trusu/.npm/souffleur/1.0.0/package/package.json written
103 silly fetchNamedPackageData souffleur
104 silly mapToRegistry name souffleur
105 silly mapToRegistry using default registry
106 silly mapToRegistry registry https://registry.npmjs.org/
107 silly mapToRegistry data Result {
107 silly mapToRegistry   raw: 'souffleur',
107 silly mapToRegistry   scope: null,
107 silly mapToRegistry   escapedName: 'souffleur',
107 silly mapToRegistry   name: 'souffleur',
107 silly mapToRegistry   rawSpec: '',
107 silly mapToRegistry   spec: 'latest',
107 silly mapToRegistry   type: 'tag' }
108 silly mapToRegistry uri https://registry.npmjs.org/souffleur
109 silly resolveWithNewModule souffleur@1.0.0 checking installable status
110 silly cache add args [ 'souffleur@^1.0.0', null ]
111 verbose cache add spec souffleur@^1.0.0
112 silly cache add parsed spec Result {
112 silly cache add   raw: 'souffleur@^1.0.0',
112 silly cache add   scope: null,
112 silly cache add   escapedName: 'souffleur',
112 silly cache add   name: 'souffleur',
112 silly cache add   rawSpec: '^1.0.0',
112 silly cache add   spec: '>=1.0.0 <2.0.0',
112 silly cache add   type: 'range' }
113 silly addNamed souffleur@>=1.0.0 <2.0.0
114 verbose addNamed ">=1.0.0 <2.0.0" is a valid semver range for souffleur
115 silly addNameRange { name: 'souffleur', range: '>=1.0.0 <2.0.0', hasData: false }
116 silly mapToRegistry name souffleur
117 silly mapToRegistry using default registry
118 silly mapToRegistry registry https://registry.npmjs.org/
119 silly mapToRegistry data Result {
119 silly mapToRegistry   raw: 'souffleur',
119 silly mapToRegistry   scope: null,
119 silly mapToRegistry   escapedName: 'souffleur',
119 silly mapToRegistry   name: 'souffleur',
119 silly mapToRegistry   rawSpec: '',
119 silly mapToRegistry   spec: 'latest',
119 silly mapToRegistry   type: 'tag' }
120 silly mapToRegistry uri https://registry.npmjs.org/souffleur
121 verbose addNameRange registry:https://registry.npmjs.org/souffleur not in flight; fetching
122 verbose get https://registry.npmjs.org/souffleur not expired, no request
123 silly addNameRange number 2 { name: 'souffleur', range: '>=1.0.0 <2.0.0', hasData: true }
124 silly addNameRange versions [ 'souffleur', [ '1.0.0', '2.0.0', '2.0.1' ] ]
125 silly addNamed souffleur@1.0.0
126 verbose addNamed "1.0.0" is a plain semver version for souffleur
127 silly cache afterAdd souffleur@1.0.0
128 verbose afterAdd /Users/trusu/.npm/souffleur/1.0.0/package/package.json not in flight; writing
129 verbose correctMkdir /Users/trusu/.npm correctMkdir not in flight; initializing
130 verbose afterAdd /Users/trusu/.npm/souffleur/1.0.0/package/package.json written
131 silly loadAllDepsIntoIdealTree Finishing
132 silly loadIdealTree Finishing
133 silly currentTree trusu_bot@1.0.0
133 silly currentTree ├── ansi-regex@2.0.0
133 silly currentTree ├── ansi-styles@2.2.1
133 silly currentTree ├── asn1@0.2.3
133 silly currentTree ├── assert-plus@0.2.0
133 silly currentTree ├── asynckit@0.4.0
133 silly currentTree ├── aws-sign2@0.6.0
133 silly currentTree ├── aws4@1.5.0
133 silly currentTree ├── bcrypt-pbkdf@1.0.0
133 silly currentTree ├── bluebird@3.4.6
133 silly currentTree ├── boom@2.10.1
133 silly currentTree ├── bson@0.5.7
133 silly currentTree ├── buffer-shims@1.0.0
133 silly currentTree ├── caseless@0.11.0
133 silly currentTree ├── chalk@1.1.3
133 silly currentTree ├── claudia-api-builder@2.0.2
133 silly currentTree ├── claudia-bot-builder@2.7.1
133 silly currentTree ├── claudia-bot-builder@2.9.0
133 silly currentTree ├── combined-stream@1.0.5
133 silly currentTree ├── commander@2.9.0
133 silly currentTree ├── core-util-is@1.0.2
133 silly currentTree ├── cryptiles@2.0.5
133 silly currentTree ├─┬ dashdash@1.14.1
133 silly currentTree │ └── assert-plus@1.0.0
133 silly currentTree ├── delayed-stream@1.0.0
133 silly currentTree ├── ecc-jsbn@0.1.1
133 silly currentTree ├── es6-promise@3.2.1
133 silly currentTree ├── escape-string-regexp@1.0.5
133 silly currentTree ├── extend@3.0.0
133 silly currentTree ├── extsprintf@1.0.2
133 silly currentTree ├── forever-agent@0.6.1
133 silly currentTree ├── form-data@2.1.2
133 silly currentTree ├── generate-function@2.0.0
133 silly currentTree ├── generate-object-property@1.2.0
133 silly currentTree ├─┬ getpass@0.1.6
133 silly currentTree │ └── assert-plus@1.0.0
133 silly currentTree ├── graceful-readlink@1.0.1
133 silly currentTree ├── har-validator@2.0.6
133 silly currentTree ├── has-ansi@2.0.0
133 silly currentTree ├── hawk@3.1.3
133 silly currentTree ├── hoek@2.16.3
133 silly currentTree ├── http-signature@1.1.1
133 silly currentTree ├── huh@1.1.4
133 silly currentTree ├── inherits@2.0.3
133 silly currentTree ├── is-my-json-valid@2.15.0
133 silly currentTree ├── is-property@1.0.2
133 silly currentTree ├── is-typedarray@1.0.0
133 silly currentTree ├── isarray@1.0.0
133 silly currentTree ├── isstream@0.1.2
133 silly currentTree ├── jodid25519@1.0.2
133 silly currentTree ├── jsbn@0.1.0
133 silly currentTree ├── json-schema@0.2.3
133 silly currentTree ├── json-stringify-safe@5.0.1
133 silly currentTree ├── jsonpointer@4.0.0
133 silly currentTree ├── jsprim@1.3.1
133 silly currentTree ├── lodash@4.17.2
133 silly currentTree ├── mime-db@1.25.0
133 silly currentTree ├── mime-types@2.1.13
133 silly currentTree ├── minimal-request-promise@1.3.0
133 silly currentTree ├── mongodb-core@2.0.13
133 silly currentTree ├── mongodb@2.2.11
133 silly currentTree ├── oauth-sign@0.8.2
133 silly currentTree ├── oh-no-i-insist@1.1.1
133 silly currentTree ├── pinkie-promise@2.0.1
133 silly currentTree ├── pinkie@2.0.4
133 silly currentTree ├── process-nextick-args@1.0.7
133 silly currentTree ├── punycode@1.4.1
133 silly currentTree ├── qs@6.3.0
133 silly currentTree ├── readable-stream@2.1.5
133 silly currentTree ├── request-promise-core@1.1.1
133 silly currentTree ├── request-promise@4.1.1
133 silly currentTree ├── request@2.79.0
133 silly currentTree ├── require_optional@1.0.0
133 silly currentTree ├── resolve-from@2.0.0
133 silly currentTree ├── semver@5.3.0
133 silly currentTree ├── sntp@1.0.9
133 silly currentTree ├── souffleur@1.0.0
133 silly currentTree ├─┬ sshpk@1.10.1
133 silly currentTree │ └── assert-plus@1.0.0
133 silly currentTree ├── stealthy-require@1.0.0
133 silly currentTree ├── string_decoder@0.10.31
133 silly currentTree ├── stringstream@0.0.5
133 silly currentTree ├── strip-ansi@3.0.1
133 silly currentTree ├── supports-color@2.0.0
133 silly currentTree ├── tough-cookie@2.3.2
133 silly currentTree ├── tsscmp@1.0.5
133 silly currentTree ├── tunnel-agent@0.4.3
133 silly currentTree ├── tweetnacl@0.14.3
133 silly currentTree ├── util-deprecate@1.0.2
133 silly currentTree ├── uuid@3.0.1
133 silly currentTree ├── verror@1.3.6
133 silly currentTree └── xtend@4.0.1
134 silly idealTree trusu_bot@1.0.0
134 silly idealTree ├── ansi-regex@2.0.0
134 silly idealTree ├── ansi-styles@2.2.1
134 silly idealTree ├── asn1@0.2.3
134 silly idealTree ├── assert-plus@0.2.0
134 silly idealTree ├── asynckit@0.4.0
134 silly idealTree ├── aws-sign2@0.6.0
134 silly idealTree ├── aws4@1.5.0
134 silly idealTree ├── bcrypt-pbkdf@1.0.0
134 silly idealTree ├── bluebird@3.4.6
134 silly idealTree ├── boom@2.10.1
134 silly idealTree ├── bson@0.5.7
134 silly idealTree ├── buffer-shims@1.0.0
134 silly idealTree ├── caseless@0.11.0
134 silly idealTree ├── chalk@1.1.3
134 silly idealTree ├── claudia-api-builder@2.0.2
134 silly idealTree ├─┬ claudia-bot-builder@2.7.1
134 silly idealTree │ └── souffleur@1.0.0
134 silly idealTree ├─┬ claudia-bot-builder@2.9.0
134 silly idealTree │ └── souffleur@1.0.0
134 silly idealTree ├── combined-stream@1.0.5
134 silly idealTree ├── commander@2.9.0
134 silly idealTree ├── core-util-is@1.0.2
134 silly idealTree ├── cryptiles@2.0.5
134 silly idealTree ├─┬ dashdash@1.14.1
134 silly idealTree │ └── assert-plus@1.0.0
134 silly idealTree ├── delayed-stream@1.0.0
134 silly idealTree ├── ecc-jsbn@0.1.1
134 silly idealTree ├── es6-promise@3.2.1
134 silly idealTree ├── escape-string-regexp@1.0.5
134 silly idealTree ├── extend@3.0.0
134 silly idealTree ├── extsprintf@1.0.2
134 silly idealTree ├── forever-agent@0.6.1
134 silly idealTree ├── form-data@2.1.2
134 silly idealTree ├── generate-function@2.0.0
134 silly idealTree ├── generate-object-property@1.2.0
134 silly idealTree ├─┬ getpass@0.1.6
134 silly idealTree │ └── assert-plus@1.0.0
134 silly idealTree ├── graceful-readlink@1.0.1
134 silly idealTree ├── har-validator@2.0.6
134 silly idealTree ├── has-ansi@2.0.0
134 silly idealTree ├── hawk@3.1.3
134 silly idealTree ├── hoek@2.16.3
134 silly idealTree ├── http-signature@1.1.1
134 silly idealTree ├── huh@1.1.4
134 silly idealTree ├── inherits@2.0.3
134 silly idealTree ├── is-my-json-valid@2.15.0
134 silly idealTree ├── is-property@1.0.2
134 silly idealTree ├── is-typedarray@1.0.0
134 silly idealTree ├── isarray@1.0.0
134 silly idealTree ├── isstream@0.1.2
134 silly idealTree ├── jodid25519@1.0.2
134 silly idealTree ├── jsbn@0.1.0
134 silly idealTree ├── json-schema@0.2.3
134 silly idealTree ├── json-stringify-safe@5.0.1
134 silly idealTree ├── jsonpointer@4.0.0
134 silly idealTree ├── jsprim@1.3.1
134 silly idealTree ├── lodash@4.17.2
134 silly idealTree ├── mime-db@1.25.0
134 silly idealTree ├── mime-types@2.1.13
134 silly idealTree ├── minimal-request-promise@1.3.0
134 silly idealTree ├── mongodb-core@2.0.13
134 silly idealTree ├── mongodb@2.2.11
134 silly idealTree ├── oauth-sign@0.8.2
134 silly idealTree ├── oh-no-i-insist@1.1.1
134 silly idealTree ├── pinkie-promise@2.0.1
134 silly idealTree ├── pinkie@2.0.4
134 silly idealTree ├── process-nextick-args@1.0.7
134 silly idealTree ├── punycode@1.4.1
134 silly idealTree ├── qs@6.3.0
134 silly idealTree ├── readable-stream@2.1.5
134 silly idealTree ├── request-promise-core@1.1.1
134 silly idealTree ├── request-promise@4.1.1
134 silly idealTree ├── request@2.79.0
134 silly idealTree ├── require_optional@1.0.0
134 silly idealTree ├── resolve-from@2.0.0
134 silly idealTree ├── semver@5.3.0
134 silly idealTree ├── sntp@1.0.9
134 silly idealTree ├── souffleur@2.0.1
134 silly idealTree ├─┬ sshpk@1.10.1
134 silly idealTree │ └── assert-plus@1.0.0
134 silly idealTree ├── stealthy-require@1.0.0
134 silly idealTree ├── string_decoder@0.10.31
134 silly idealTree ├── stringstream@0.0.5
134 silly idealTree ├── strip-ansi@3.0.1
134 silly idealTree ├── supports-color@2.0.0
134 silly idealTree ├── tough-cookie@2.3.2
134 silly idealTree ├── tsscmp@1.0.5
134 silly idealTree ├── tunnel-agent@0.4.3
134 silly idealTree ├── tweetnacl@0.14.3
134 silly idealTree ├── util-deprecate@1.0.2
134 silly idealTree ├── uuid@3.0.1
134 silly idealTree ├── verror@1.3.6
134 silly idealTree └── xtend@4.0.1
135 silly generateActionsToTake Starting
136 silly install generateActionsToTake
137 silly rollbackFailedOptional Starting
138 silly rollbackFailedOptional Finishing
139 silly runTopLevelLifecycles Starting
140 silly runTopLevelLifecycles Finishing
141 silly install printInstalled
142 verbose stack Error: /Users/trusu/Documents/trusu/engineering/trusu_bot/node_modules/claudia-bot-builder: Appears to be a git repo or submodule.
142 verbose stack     at /Users/trusu/n/lib/node_modules/npm/node_modules/npm-install-checks/index.js:137:15
142 verbose stack     at FSReqWrap.oncomplete (fs.js:123:15)
143 verbose cwd /Users/trusu/Documents/trusu/engineering/trusu_bot
144 error Darwin 15.6.0
145 error argv "/Users/trusu/n/bin/node" "/Users/trusu/n/bin/npm" "install" "souffleur"
146 error node v6.6.0
147 error npm  v3.10.3
148 error path /Users/trusu/Documents/trusu/engineering/trusu_bot/node_modules/claudia-bot-builder
149 error code EISGIT
150 error git /Users/trusu/Documents/trusu/engineering/trusu_bot/node_modules/claudia-bot-builder: Appears to be a git repo or submodule.
151 error git /Users/trusu/Documents/trusu/engineering/trusu_bot/node_modules/claudia-bot-builder
152 error git Refusing to remove it. Update manually,
152 error git or move it out of the way first.
153 verbose exit [ 1, true ]
